<?xml version="1.0" encoding="UTF-8"?>
<!-- Generated by org.testng.reporters.JUnitReportReporter -->
<testsuite hostname="SAURABH" failures="0" tests="1" name="RestAssuredFramework.ScratchRestAssured.AppTest" time="0.005" errors="0" timestamp="2024-06-22T11:54:04 IST" skipped="0">
  <testcase classname="RestAssuredFramework.ScratchRestAssured.AppTest" name="shouldAnswerWithTrue" time="0.005"/>
  <system-out/>
</testsuite> <!-- RestAssuredFramework.ScratchRestAssured.AppTest -->
